<?xml version="1.0" encoding="UTF-8"?>
<testng-results ignored="0" total="4" passed="3" failed="1" skipped="0">
  <reporter-output>
  </reporter-output>
  <suite started-at="2023-09-24T20:58:41 BDT" name="Suite" finished-at="2023-09-24T21:00:07 BDT" duration-ms="85899">
    <groups>
      <group name="Smoke">
        <method signature="e_Commerce_tc_3.FillForm(java.util.HashMap)[pri:0, instance:org.avi.e_Commerce_tc_3@6a55299e]" name="FillForm" class="org.avi.e_Commerce_tc_3"/>
      </group> <!-- Smoke -->
    </groups>
    <test started-at="2023-09-24T20:58:41 BDT" name="Test 1" finished-at="2023-09-24T20:59:38 BDT" duration-ms="56316">
      <class name="org.avi.e_Commerce_tc_3">
        <test-method is-config="true" signature="ConfigureAppium()[pri:0, instance:org.avi.e_Commerce_tc_3@6a55299e]" started-at="2023-09-24T20:58:41 BDT" name="ConfigureAppium" finished-at="2023-09-24T20:58:53 BDT" duration-ms="12075" status="PASS">
          <reporter-output>
          </reporter-output>
        </test-method> <!-- ConfigureAppium -->
        <test-method signature="FillForm(java.util.HashMap)[pri:0, instance:org.avi.e_Commerce_tc_3@6a55299e]" started-at="2023-09-24T20:58:54 BDT" name="FillForm" data-provider="getData" finished-at="2023-09-24T20:59:15 BDT" duration-ms="21320" status="PASS">
          <params>
            <param index="0">
              <value>
                <![CDATA[{name=Ms, country=Argentina, gender=female}]]>
              </value>
            </param>
          </params>
          <reporter-output>
          </reporter-output>
        </test-method> <!-- FillForm -->
        <test-method signature="FillForm(java.util.HashMap)[pri:0, instance:org.avi.e_Commerce_tc_3@6a55299e]" started-at="2023-09-24T20:59:15 BDT" name="FillForm" data-provider="getData" finished-at="2023-09-24T20:59:34 BDT" duration-ms="19392" status="PASS">
          <params>
            <param index="0">
              <value>
                <![CDATA[{name=MR, country=Bangladesh, gender=male}]]>
              </value>
            </param>
          </params>
          <reporter-output>
          </reporter-output>
        </test-method> <!-- FillForm -->
        <test-method is-config="true" signature="tearDown2()[pri:0, instance:org.avi.e_Commerce_tc_3@6a55299e]" started-at="2023-09-24T20:59:34 BDT" name="tearDown2" finished-at="2023-09-24T20:59:38 BDT" duration-ms="3366" status="PASS">
          <reporter-output>
          </reporter-output>
        </test-method> <!-- tearDown2 -->
      </class> <!-- org.avi.e_Commerce_tc_3 -->
    </test> <!-- Test 1 -->
    <test started-at="2023-09-24T20:59:38 BDT" name="Test 2" finished-at="2023-09-24T21:00:07 BDT" duration-ms="29175">
      <class name="org.avi.eCommerce_tc_2">
        <test-method is-config="true" signature="ConfigureAppium()[pri:0, instance:org.avi.eCommerce_tc_2@5dd1c9f2]" started-at="2023-09-24T20:59:38 BDT" name="ConfigureAppium" finished-at="2023-09-24T20:59:43 BDT" duration-ms="4787" status="PASS">
          <reporter-output>
          </reporter-output>
        </test-method> <!-- ConfigureAppium -->
        <test-method signature="FillForm_ErrorValidation()[pri:0, instance:org.avi.eCommerce_tc_2@5dd1c9f2]" started-at="2023-09-24T20:59:43 BDT" name="FillForm_ErrorValidation" finished-at="2023-09-24T20:59:50 BDT" duration-ms="6807" status="FAIL">
          <exception class="java.lang.AssertionError">
            <message>
              <![CDATA[expected:<Please enter your name> but was:<Please your name>]]>
            </message>
            <full-stacktrace>
              <![CDATA[java.lang.AssertionError: expected:<Please enter your name> but was:<Please your name>
at org.testng.AssertJUnit.assertEquals(AssertJUnit.java:115)
at org.testng.AssertJUnit.assertEquals(AssertJUnit.java:125)
at org.avi.eCommerce_tc_2.FillForm_ErrorValidation(eCommerce_tc_2.java:75)
at java.base/jdk.internal.reflect.NativeMethodAccessorImpl.invoke0(Native Method)
at java.base/jdk.internal.reflect.NativeMethodAccessorImpl.invoke(NativeMethodAccessorImpl.java:77)
at java.base/jdk.internal.reflect.DelegatingMethodAccessorImpl.invoke(DelegatingMethodAccessorImpl.java:43)
at java.base/java.lang.reflect.Method.invoke(Method.java:568)
at org.testng.internal.invokers.MethodInvocationHelper.invokeMethod(MethodInvocationHelper.java:139)
at org.testng.internal.invokers.TestInvoker.invokeMethod(TestInvoker.java:677)
at org.testng.internal.invokers.TestInvoker.invokeTestMethod(TestInvoker.java:221)
at org.testng.internal.invokers.MethodRunner.runInSequence(MethodRunner.java:50)
at org.testng.internal.invokers.TestInvoker$MethodInvocationAgent.invoke(TestInvoker.java:962)
at org.testng.internal.invokers.TestInvoker.invokeTestMethods(TestInvoker.java:194)
at org.testng.internal.invokers.TestMethodWorker.invokeTestMethods(TestMethodWorker.java:148)
at org.testng.internal.invokers.TestMethodWorker.run(TestMethodWorker.java:128)
at java.base/java.util.ArrayList.forEach(ArrayList.java:1511)
at org.testng.TestRunner.privateRun(TestRunner.java:806)
at org.testng.TestRunner.run(TestRunner.java:601)
at org.testng.SuiteRunner.runTest(SuiteRunner.java:433)
at org.testng.SuiteRunner.runSequentially(SuiteRunner.java:427)
at org.testng.SuiteRunner.privateRun(SuiteRunner.java:387)
at org.testng.SuiteRunner.run(SuiteRunner.java:330)
at org.testng.SuiteRunnerWorker.runSuite(SuiteRunnerWorker.java:52)
at org.testng.SuiteRunnerWorker.run(SuiteRunnerWorker.java:95)
at org.testng.TestNG.runSuitesSequentially(TestNG.java:1256)
at org.testng.TestNG.runSuitesLocally(TestNG.java:1176)
at org.testng.TestNG.runSuites(TestNG.java:1099)
at org.testng.TestNG.run(TestNG.java:1067)
at org.testng.remote.AbstractRemoteTestNG.run(AbstractRemoteTestNG.java:115)
at org.testng.remote.RemoteTestNG.initAndRun(RemoteTestNG.java:251)
at org.testng.remote.RemoteTestNG.main(RemoteTestNG.java:77)
]]>
            </full-stacktrace>
          </exception> <!-- java.lang.AssertionError -->
          <reporter-output>
          </reporter-output>
        </test-method> <!-- FillForm_ErrorValidation -->
        <test-method is-config="true" signature="preSetup()[pri:0, instance:org.avi.eCommerce_tc_2@5dd1c9f2]" started-at="2023-09-24T20:59:43 BDT" name="preSetup" finished-at="2023-09-24T20:59:43 BDT" duration-ms="0" status="PASS">
          <reporter-output>
          </reporter-output>
        </test-method> <!-- preSetup -->
        <test-method signature="FillForm_PositiveFlow()[pri:0, instance:org.avi.eCommerce_tc_2@5dd1c9f2]" started-at="2023-09-24T20:59:50 BDT" name="FillForm_PositiveFlow" finished-at="2023-09-24T21:00:04 BDT" duration-ms="13473" status="PASS">
          <reporter-output>
          </reporter-output>
        </test-method> <!-- FillForm_PositiveFlow -->
        <test-method is-config="true" signature="preSetup()[pri:0, instance:org.avi.eCommerce_tc_2@5dd1c9f2]" started-at="2023-09-24T20:59:50 BDT" name="preSetup" finished-at="2023-09-24T20:59:50 BDT" duration-ms="0" status="PASS">
          <reporter-output>
          </reporter-output>
        </test-method> <!-- preSetup -->
        <test-method is-config="true" signature="tearDown2()[pri:0, instance:org.avi.eCommerce_tc_2@5dd1c9f2]" started-at="2023-09-24T21:00:04 BDT" name="tearDown2" finished-at="2023-09-24T21:00:07 BDT" duration-ms="3289" status="PASS">
          <reporter-output>
          </reporter-output>
        </test-method> <!-- tearDown2 -->
      </class> <!-- org.avi.eCommerce_tc_2 -->
    </test> <!-- Test 2 -->
  </suite> <!-- Suite -->
</testng-results>
