<?xml version="1.0" encoding="UTF-8"?>
<testng-results ignored="0" total="3" passed="2" failed="1" skipped="0">
  <reporter-output>
  </reporter-output>
  <suite started-at="2023-09-20T21:10:16 BDT" name="Suite" finished-at="2023-09-20T21:11:47 BDT" duration-ms="91714">
    <groups>
    </groups>
    <test started-at="2023-09-20T21:10:16 BDT" name="Test 1" finished-at="2023-09-20T21:10:48 BDT" duration-ms="32717">
      <class name="avi.e_Commerce_tc_1">
        <test-method is-config="true" signature="ConfigureAppium()[pri:0, instance:avi.e_Commerce_tc_1@42039326]" started-at="2023-09-20T21:10:16 BDT" name="ConfigureAppium" finished-at="2023-09-20T21:10:24 BDT" duration-ms="8043" status="PASS">
          <reporter-output>
          </reporter-output>
        </test-method> <!-- ConfigureAppium -->
        <test-method signature="FillForm()[pri:0, instance:avi.e_Commerce_tc_1@42039326]" started-at="2023-09-20T21:10:24 BDT" name="FillForm" finished-at="2023-09-20T21:10:48 BDT" duration-ms="24378" status="PASS">
          <reporter-output>
          </reporter-output>
        </test-method> <!-- FillForm -->
        <test-method is-config="true" signature="tearDown()[pri:0, instance:avi.e_Commerce_tc_1@42039326]" started-at="2023-09-20T21:10:48 BDT" name="tearDown" finished-at="2023-09-20T21:10:48 BDT" duration-ms="265" status="PASS">
          <reporter-output>
          </reporter-output>
        </test-method> <!-- tearDown -->
        <test-method is-config="true" signature="tearDown()[pri:0, instance:avi.e_Commerce_tc_1@42039326]" started-at="2023-09-20T21:10:48 BDT" name="tearDown" finished-at="2023-09-20T21:10:48 BDT" duration-ms="0" status="PASS">
          <reporter-output>
          </reporter-output>
        </test-method> <!-- tearDown -->
      </class> <!-- avi.e_Commerce_tc_1 -->
    </test> <!-- Test 1 -->
    <test started-at="2023-09-20T21:10:49 BDT" name="Test 2" finished-at="2023-09-20T21:11:18 BDT" duration-ms="29323">
      <class name="avi.e_Commerce_tc_2">
        <test-method is-config="true" signature="ConfigureAppium()[pri:0, instance:avi.e_Commerce_tc_2@6995bf68]" started-at="2023-09-20T21:10:49 BDT" name="ConfigureAppium" finished-at="2023-09-20T21:10:53 BDT" duration-ms="4666" status="PASS">
          <reporter-output>
          </reporter-output>
        </test-method> <!-- ConfigureAppium -->
        <test-method signature="FillForm()[pri:0, instance:avi.e_Commerce_tc_2@6995bf68]" started-at="2023-09-20T21:10:53 BDT" name="FillForm" finished-at="2023-09-20T21:11:18 BDT" duration-ms="24421" status="PASS">
          <reporter-output>
          </reporter-output>
        </test-method> <!-- FillForm -->
        <test-method is-config="true" signature="tearDown()[pri:0, instance:avi.e_Commerce_tc_2@6995bf68]" started-at="2023-09-20T21:11:18 BDT" name="tearDown" finished-at="2023-09-20T21:11:18 BDT" duration-ms="233" status="PASS">
          <reporter-output>
          </reporter-output>
        </test-method> <!-- tearDown -->
        <test-method is-config="true" signature="tearDown()[pri:0, instance:avi.e_Commerce_tc_2@6995bf68]" started-at="2023-09-20T21:11:18 BDT" name="tearDown" finished-at="2023-09-20T21:11:18 BDT" duration-ms="0" status="PASS">
          <reporter-output>
          </reporter-output>
        </test-method> <!-- tearDown -->
      </class> <!-- avi.e_Commerce_tc_2 -->
    </test> <!-- Test 2 -->
    <test started-at="2023-09-20T21:11:18 BDT" name="Test 3" finished-at="2023-09-20T21:11:47 BDT" duration-ms="29456">
      <class name="avi.e_Commerce_tc_3">
        <test-method is-config="true" signature="ConfigureAppium()[pri:0, instance:avi.e_Commerce_tc_3@3568f9d2]" started-at="2023-09-20T21:11:18 BDT" name="ConfigureAppium" finished-at="2023-09-20T21:11:22 BDT" duration-ms="4324" status="PASS">
          <reporter-output>
          </reporter-output>
        </test-method> <!-- ConfigureAppium -->
        <test-method signature="FillForm()[pri:0, instance:avi.e_Commerce_tc_3@3568f9d2]" started-at="2023-09-20T21:11:22 BDT" name="FillForm" finished-at="2023-09-20T21:11:47 BDT" duration-ms="24417" status="FAIL">
          <exception class="io.appium.java_client.NoSuchContextException">
            <message>
              <![CDATA[An unknown server-side error occurred while processing the command. Original error: No Chromedriver found that can automate Chrome '116.0.0'. You could also try to enable automated chromedrivers download as a possible workaround.
Build info: version: '4.12.1', revision: '8e34639b11'
System info: os.name: 'Windows 11', os.arch: 'amd64', os.version: '10.0', java.version: '17.0.7'
Driver info: io.appium.java_client.android.AndroidDriver
Command: [fef78f9d-52d1-48f5-803e-d2eec50c9c9f, switchToContext {name=WEBVIEW_com.androidsample.generalstore}]
Capabilities {appium:app: D:\Java Selenium\Appium\src..., appium:appPackage: com.androidsample.generalstore, appium:automationName: UIAutomator2, appium:databaseEnabled: false, appium:desired: {app: D:\Java Selenium\Appium\src..., automationName: UIAutomator2, deviceName: POCO F3, platformName: ANDROID}, appium:deviceApiLevel: 33, appium:deviceManufacturer: Xiaomi, appium:deviceModel: M2012K11AG, appium:deviceName: a253319a, appium:deviceScreenDensity: 440, appium:deviceScreenSize: 1080x2400, appium:deviceUDID: a253319a, appium:javascriptEnabled: true, appium:locationContextEnabled: false, appium:networkConnectionEnabled: true, appium:pixelRatio: 2.75, appium:platformVersion: 13, appium:statBarHeight: 80, appium:takesScreenshot: true, appium:viewportRect: {height: 2196, left: 0, top: 80, width: 1080}, appium:warnings: {}, appium:webStorageEnabled: false, platformName: ANDROID}
Session ID: fef78f9d-52d1-48f5-803e-d2eec50c9c9f]]>
            </message>
            <full-stacktrace>
              <![CDATA[io.appium.java_client.NoSuchContextException: An unknown server-side error occurred while processing the command. Original error: No Chromedriver found that can automate Chrome '116.0.0'. You could also try to enable automated chromedrivers download as a possible workaround.
Build info: version: '4.12.1', revision: '8e34639b11'
System info: os.name: 'Windows 11', os.arch: 'amd64', os.version: '10.0', java.version: '17.0.7'
Driver info: io.appium.java_client.android.AndroidDriver
Command: [fef78f9d-52d1-48f5-803e-d2eec50c9c9f, switchToContext {name=WEBVIEW_com.androidsample.generalstore}]
Capabilities {appium:app: D:\Java Selenium\Appium\src..., appium:appPackage: com.androidsample.generalstore, appium:automationName: UIAutomator2, appium:databaseEnabled: false, appium:desired: {app: D:\Java Selenium\Appium\src..., automationName: UIAutomator2, deviceName: POCO F3, platformName: ANDROID}, appium:deviceApiLevel: 33, appium:deviceManufacturer: Xiaomi, appium:deviceModel: M2012K11AG, appium:deviceName: a253319a, appium:deviceScreenDensity: 440, appium:deviceScreenSize: 1080x2400, appium:deviceUDID: a253319a, appium:javascriptEnabled: true, appium:locationContextEnabled: false, appium:networkConnectionEnabled: true, appium:pixelRatio: 2.75, appium:platformVersion: 13, appium:statBarHeight: 80, appium:takesScreenshot: true, appium:viewportRect: {height: 2196, left: 0, top: 80, width: 1080}, appium:warnings: {}, appium:webStorageEnabled: false, platformName: ANDROID}
Session ID: fef78f9d-52d1-48f5-803e-d2eec50c9c9f
at io.appium.java_client.remote.SupportsContextSwitching.context(SupportsContextSwitching.java:48)
at avi.e_Commerce_tc_3.FillForm(e_Commerce_tc_3.java:74)
at java.base/jdk.internal.reflect.NativeMethodAccessorImpl.invoke0(Native Method)
at java.base/jdk.internal.reflect.NativeMethodAccessorImpl.invoke(NativeMethodAccessorImpl.java:77)
at java.base/jdk.internal.reflect.DelegatingMethodAccessorImpl.invoke(DelegatingMethodAccessorImpl.java:43)
at java.base/java.lang.reflect.Method.invoke(Method.java:568)
at org.testng.internal.invokers.MethodInvocationHelper.invokeMethod(MethodInvocationHelper.java:139)
at org.testng.internal.invokers.TestInvoker.invokeMethod(TestInvoker.java:664)
at org.testng.internal.invokers.TestInvoker.invokeTestMethod(TestInvoker.java:227)
at org.testng.internal.invokers.MethodRunner.runInSequence(MethodRunner.java:50)
at org.testng.internal.invokers.TestInvoker$MethodInvocationAgent.invoke(TestInvoker.java:957)
at org.testng.internal.invokers.TestInvoker.invokeTestMethods(TestInvoker.java:200)
at org.testng.internal.invokers.TestMethodWorker.invokeTestMethods(TestMethodWorker.java:148)
at org.testng.internal.invokers.TestMethodWorker.run(TestMethodWorker.java:128)
at java.base/java.util.ArrayList.forEach(ArrayList.java:1511)
at org.testng.TestRunner.privateRun(TestRunner.java:848)
at org.testng.TestRunner.run(TestRunner.java:621)
at org.testng.SuiteRunner.runTest(SuiteRunner.java:443)
at org.testng.SuiteRunner.runSequentially(SuiteRunner.java:437)
at org.testng.SuiteRunner.privateRun(SuiteRunner.java:397)
at org.testng.SuiteRunner.run(SuiteRunner.java:336)
at org.testng.SuiteRunnerWorker.runSuite(SuiteRunnerWorker.java:52)
at org.testng.SuiteRunnerWorker.run(SuiteRunnerWorker.java:95)
at org.testng.TestNG.runSuitesSequentially(TestNG.java:1280)
at org.testng.TestNG.runSuitesLocally(TestNG.java:1200)
at org.testng.TestNG.runSuites(TestNG.java:1114)
at org.testng.TestNG.run(TestNG.java:1082)
at org.testng.remote.AbstractRemoteTestNG.run(AbstractRemoteTestNG.java:115)
at org.testng.remote.RemoteTestNG.initAndRun(RemoteTestNG.java:251)
at org.testng.remote.RemoteTestNG.main(RemoteTestNG.java:77)
Caused by: org.openqa.selenium.WebDriverException: An unknown server-side error occurred while processing the command. Original error: No Chromedriver found that can automate Chrome '116.0.0'. You could also try to enable automated chromedrivers download as a possible workaround.
Build info: version: '4.12.1', revision: '8e34639b11'
System info: os.name: 'Windows 11', os.arch: 'amd64', os.version: '10.0', java.version: '17.0.7'
Driver info: io.appium.java_client.android.AndroidDriver
Command: [fef78f9d-52d1-48f5-803e-d2eec50c9c9f, switchToContext {name=WEBVIEW_com.androidsample.generalstore}]
Capabilities {appium:app: D:\Java Selenium\Appium\src..., appium:appPackage: com.androidsample.generalstore, appium:automationName: UIAutomator2, appium:databaseEnabled: false, appium:desired: {app: D:\Java Selenium\Appium\src..., automationName: UIAutomator2, deviceName: POCO F3, platformName: ANDROID}, appium:deviceApiLevel: 33, appium:deviceManufacturer: Xiaomi, appium:deviceModel: M2012K11AG, appium:deviceName: a253319a, appium:deviceScreenDensity: 440, appium:deviceScreenSize: 1080x2400, appium:deviceUDID: a253319a, appium:javascriptEnabled: true, appium:locationContextEnabled: false, appium:networkConnectionEnabled: true, appium:pixelRatio: 2.75, appium:platformVersion: 13, appium:statBarHeight: 80, appium:takesScreenshot: true, appium:viewportRect: {height: 2196, left: 0, top: 80, width: 1080}, appium:warnings: {}, appium:webStorageEnabled: false, platformName: ANDROID}
Session ID: fef78f9d-52d1-48f5-803e-d2eec50c9c9f
at java.base/jdk.internal.reflect.NativeConstructorAccessorImpl.newInstance0(Native Method)
at java.base/jdk.internal.reflect.NativeConstructorAccessorImpl.newInstance(NativeConstructorAccessorImpl.java:77)
at java.base/jdk.internal.reflect.DelegatingConstructorAccessorImpl.newInstance(DelegatingConstructorAccessorImpl.java:45)
at java.base/java.lang.reflect.Constructor.newInstanceWithCaller(Constructor.java:499)
at java.base/java.lang.reflect.Constructor.newInstance(Constructor.java:480)
at org.openqa.selenium.remote.codec.w3c.W3CHttpResponseCodec.createException(W3CHttpResponseCodec.java:200)
at org.openqa.selenium.remote.codec.w3c.W3CHttpResponseCodec.decode(W3CHttpResponseCodec.java:133)
at org.openqa.selenium.remote.codec.w3c.W3CHttpResponseCodec.decode(W3CHttpResponseCodec.java:52)
at org.openqa.selenium.remote.HttpCommandExecutor.execute(HttpCommandExecutor.java:191)
at io.appium.java_client.remote.AppiumCommandExecutor.execute(AppiumCommandExecutor.java:250)
at org.openqa.selenium.remote.RemoteWebDriver.execute(RemoteWebDriver.java:602)
at org.openqa.selenium.remote.RemoteWebDriver.execute(RemoteWebDriver.java:675)
at io.appium.java_client.AppiumDriver.execute(AppiumDriver.java:308)
at io.appium.java_client.remote.SupportsContextSwitching.context(SupportsContextSwitching.java:45)
... 29 more
]]>
            </full-stacktrace>
          </exception> <!-- io.appium.java_client.NoSuchContextException -->
          <reporter-output>
          </reporter-output>
        </test-method> <!-- FillForm -->
        <test-method is-config="true" signature="tearDown()[pri:0, instance:avi.e_Commerce_tc_3@3568f9d2]" started-at="2023-09-20T21:11:47 BDT" name="tearDown" finished-at="2023-09-20T21:11:47 BDT" duration-ms="325" status="PASS">
          <reporter-output>
          </reporter-output>
        </test-method> <!-- tearDown -->
        <test-method is-config="true" signature="tearDown()[pri:0, instance:avi.e_Commerce_tc_3@3568f9d2]" started-at="2023-09-20T21:11:47 BDT" name="tearDown" finished-at="2023-09-20T21:11:47 BDT" duration-ms="0" status="PASS">
          <reporter-output>
          </reporter-output>
        </test-method> <!-- tearDown -->
      </class> <!-- avi.e_Commerce_tc_3 -->
    </test> <!-- Test 3 -->
  </suite> <!-- Suite -->
</testng-results>
